<?xml version="1.0" encoding="UTF-8"?>
<!-- Generated by org.testng.reporters.JUnitXMLReporter -->
<testsuite ignored="0" hostname="TanmayPanda" failures="0" tests="2" name="Default test" time="0.104" errors="0" timestamp="2024-11-06T08:47:39 IST">
  <testcase classname="com.Framework.Genericlibrary.BaseTest" name="@BeforeClass browserSetup" time="-1.730863059231E9">
    <failure type="org.testng.TestNGException" message="
Parameter &amp;apos;browsername&amp;apos; is required by BeforeClass on method browserSetup but has not been marked @Optional or defined
in C:\Users\tanma\AppData\Local\Temp\testng-eclipse--1727608961\testng-customsuite.xml">
      <![CDATA[org.testng.TestNGException: 
Parameter 'browsername' is required by BeforeClass on method browserSetup but has not been marked @Optional or defined
in C:\Users\tanma\AppData\Local\Temp\testng-eclipse--1727608961\testng-customsuite.xml
at org.testng.internal.Parameters.createParams(Parameters.java:270)
at org.testng.internal.Parameters.createParametersForMethod(Parameters.java:358)
at org.testng.internal.Parameters.createParameters(Parameters.java:700)
at org.testng.internal.Parameters.createConfigurationParameters(Parameters.java:168)
at org.testng.internal.ConfigInvoker.invokeConfigurations(ConfigInvoker.java:302)
at org.testng.internal.TestMethodWorker.invokeBeforeClassMethods(TestMethodWorker.java:176)
at org.testng.internal.TestMethodWorker.run(TestMethodWorker.java:122)
at java.base/java.util.ArrayList.forEach(ArrayList.java:1597)
at org.testng.TestRunner.privateRun(TestRunner.java:794)
at org.testng.TestRunner.run(TestRunner.java:596)
at org.testng.SuiteRunner.runTest(SuiteRunner.java:377)
at org.testng.SuiteRunner.runSequentially(SuiteRunner.java:371)
at org.testng.SuiteRunner.privateRun(SuiteRunner.java:332)
at org.testng.SuiteRunner.run(SuiteRunner.java:276)
at org.testng.SuiteRunnerWorker.runSuite(SuiteRunnerWorker.java:53)
at org.testng.SuiteRunnerWorker.run(SuiteRunnerWorker.java:96)
at org.testng.TestNG.runSuitesSequentially(TestNG.java:1212)
at org.testng.TestNG.runSuitesLocally(TestNG.java:1134)
at org.testng.TestNG.runSuites(TestNG.java:1063)
at org.testng.TestNG.run(TestNG.java:1031)
at org.testng.remote.AbstractRemoteTestNG.run(AbstractRemoteTestNG.java:115)
at org.testng.remote.RemoteTestNG.initAndRun(RemoteTestNG.java:293)
at org.testng.remote.RemoteTestNG.main(RemoteTestNG.java:91)
]]>
    </failure>
  </testcase> <!-- @BeforeClass browserSetup -->
  <testcase classname="com.Framework.Genericlibrary.BaseTest" name="@AfterClass terminatebrowser" time="-1.730863059299E9">
    <skipped/>
  </testcase> <!-- @AfterClass terminatebrowser -->
  <testcase classname="com.Framework.WelcomeTest.VerifyWelcomePageTest" name="verifywelcomepagewithvalidInput" time="0.0">
    <skipped/>
  </testcase> <!-- verifywelcomepagewithvalidInput -->
  <testcase classname="com.Framework.WelcomeTest.VerifyWelcomePageTest" name="verifyWelcomepageWithInvalidInput" time="0.0">
    <skipped/>
  </testcase> <!-- verifyWelcomepageWithInvalidInput -->
</testsuite> <!-- Default test -->
